#
# There is insufficient memory for the Java Runtime Environment to continue.
# Native memory allocation (mmap) failed to map 260046848 bytes for Failed to commit area from 0x0000000709400000 to 0x0000000718c00000 of length 260046848.
# Possible reasons:
#   The system is out of physical RAM or swap space
#   The process is running with CompressedOops enabled, and the Java Heap may be blocking the growth of the native heap
# Possible solutions:
#   Reduce memory load on the system
#   Increase physical memory or swap space
#   Check if swap backing store is full
#   Decrease Java heap size (-Xmx/-Xms)
#   Decrease number of Java threads
#   Decrease Java thread stack sizes (-Xss)
#   Set larger code cache with -XX:ReservedCodeCacheSize=
# This output file may be truncated or incomplete.
#
#  Out of Memory Error (./open/src/hotspot/os/windows/os_windows.cpp:3276), pid=53440, tid=11836
#
# JRE version:  (11.0.13+10) (build )
# Java VM: Java HotSpot(TM) 64-Bit Server VM (11.0.13+10-LTS-370, mixed mode, sharing, tiered, compressed oops, g1 gc, windows-amd64)
# No core dump will be written. Minidumps are not enabled by default on client versions of Windows
#

---------------  S U M M A R Y ------------

Command Line: -Dmaven.multiModuleProjectDirectory=C:\Users\Aron\Desktop\loveTravel\love-to-travel\love-to-travel-cloud\travelservice -DarchetypeCatalog=internal -Dmaven.home=D:\javaweb\apache-maven-3.6.3 -Dclassworlds.conf=D:\javaweb\apache-maven-3.6.3\bin\m2.conf -Dmaven.ext.class.path=D:\idea2020\IntelliJ IDEA 2020.1\plugins\maven\lib\maven-event-listener.jar -javaagent:D:\idea2020\IntelliJ IDEA 2020.1\lib\idea_rt.jar=9024:D:\idea2020\IntelliJ IDEA 2020.1\bin -Dfile.encoding=UTF-8 org.codehaus.classworlds.Launcher -Didea.version2020.1 -s D:\javaweb\apache-maven-3.6.3\conf\settings.xml -Dmaven.repo.local=D:\javaweb\apache-maven-3.6.3\maven-repo install

Host: AMD Ryzen 7 4800HS with Radeon Graphics         , 16 cores, 15G,  Windows 10 , 64 bit Build 19041 (10.0.19041.2251)
Time: Sat Dec 10 11:34:26 2022 中国标准时间 elapsed time: 0.030648 seconds (0d 0h 0m 0s)

---------------  T H R E A D  ---------------

Current thread (0x0000022652574000):  JavaThread "Unknown thread" [_thread_in_vm, id=11836, stack(0x000000bf48a00000,0x000000bf48b00000)]

Stack: [0x000000bf48a00000,0x000000bf48b00000]
Native frames: (J=compiled Java code, j=interpreted, Vv=VM code, C=native code)
V  [jvm.dll+0x62870a]
V  [jvm.dll+0x761f2f]
V  [jvm.dll+0x7635d9]
V  [jvm.dll+0x763c63]
V  [jvm.dll+0x23d728]
V  [jvm.dll+0x625aba]
V  [jvm.dll+0x61a855]
V  [jvm.dll+0x2f242c]
V  [jvm.dll+0x2f22b2]
V  [jvm.dll+0x2f6fd6]
V  [jvm.dll+0x3395ff]
V  [jvm.dll+0x339030]
V  [jvm.dll+0x2cfa38]
V  [jvm.dll+0x2d0ba6]
V  [jvm.dll+0x73c547]
V  [jvm.dll+0x73dddf]
V  [jvm.dll+0x346369]
V  [jvm.dll+0x721e60]
V  [jvm.dll+0x3b500f]
V  [jvm.dll+0x3b7121]
C  [jli.dll+0x5207]
C  [ucrtbase.dll+0x21bb2]
C  [KERNEL32.DLL+0x174b4]
C  [ntdll.dll+0x526a1]


---------------  P R O C E S S  ---------------

Threads class SMR info:
_java_thread_list=0x0000022650b2a820, length=0, elements={
}

Java Threads: ( => current thread )

Other Threads:
  0x000002265258d000 GCTaskThread "GC Thread#0" [stack: 0x000000bf48b00000,0x000000bf48c00000] [id=51552]
  0x00000226525ea000 ConcurrentGCThread "G1 Main Marker" [stack: 0x000000bf48c00000,0x000000bf48d00000] [id=50512]
  0x00000226525eb800 ConcurrentGCThread "G1 Conc#0" [stack: 0x000000bf48d00000,0x000000bf48e00000] [id=50272]

[error occurred during error reporting (printing all threads), id 0xc0000005, EXCEPTION_ACCESS_VIOLATION (0xc0000005) at pc=0x00007fffdb3eecc7]

VM state:not at safepoint (not fully initialized)

VM Mutex/Monitor currently owned by a thread:  ([mutex/lock_event])
[0x0000022652570de0] Heap_lock - owner thread: 0x0000022652574000

Heap address: 0x0000000709400000, size: 3948 MB, Compressed Oops mode: Non-zero based: 0x0000000709400000
Narrow klass base: 0x0000000000000000, Narrow klass shift: 0

GC Heap History (0 events):
No events

Deoptimization events (0 events):
No events

Classes redefined (0 events):
No events

Internal exceptions (0 events):
No events

Events (0 events):
No events


Dynamic libraries:
0x00007ff60fab0000 - 0x00007ff60fabf000 	D:\javaweb\jdk11.0.13\bin\java.exe
0x00007ff842ef0000 - 0x00007ff8430e8000 	C:\WINDOWS\SYSTEM32\ntdll.dll
0x00007ff842550000 - 0x00007ff84260f000 	C:\WINDOWS\System32\KERNEL32.DLL
0x00007ff840930000 - 0x00007ff840c02000 	C:\WINDOWS\System32\KERNELBASE.dll
0x00007ff840830000 - 0x00007ff840930000 	C:\WINDOWS\System32\ucrtbase.dll
0x00007ff81e8c0000 - 0x00007ff81e8d5000 	D:\javaweb\jdk11.0.13\bin\VCRUNTIME140.dll
0x00007ff81feb0000 - 0x00007ff81fec8000 	D:\javaweb\jdk11.0.13\bin\jli.dll
0x00007ff842b70000 - 0x00007ff842c1e000 	C:\WINDOWS\System32\ADVAPI32.dll
0x00007ff842ce0000 - 0x00007ff842d7e000 	C:\WINDOWS\System32\msvcrt.dll
0x00007ff840f50000 - 0x00007ff840fec000 	C:\WINDOWS\System32\sechost.dll
0x00007ff842200000 - 0x00007ff842325000 	C:\WINDOWS\System32\RPCRT4.dll
0x00007ff841dd0000 - 0x00007ff841f6d000 	C:\WINDOWS\System32\USER32.dll
0x00007ff840720000 - 0x00007ff840742000 	C:\WINDOWS\System32\win32u.dll
0x00007ff842cb0000 - 0x00007ff842cdb000 	C:\WINDOWS\System32\GDI32.dll
0x00007ff840c10000 - 0x00007ff840d1f000 	C:\WINDOWS\System32\gdi32full.dll
0x00007ff8405f0000 - 0x00007ff84068d000 	C:\WINDOWS\System32\msvcp_win.dll
0x00007ff8300f0000 - 0x00007ff83038a000 	C:\WINDOWS\WinSxS\amd64_microsoft.windows.common-controls_6595b64144ccf1df_6.0.19041.1110_none_60b5254171f9507e\COMCTL32.dll
0x00007ff840130000 - 0x00007ff84013a000 	C:\WINDOWS\SYSTEM32\VERSION.dll
0x00007ff842330000 - 0x00007ff842362000 	C:\WINDOWS\System32\IMM32.DLL
0x000000006e4f0000 - 0x000000006e4fc000 	D:\360jisu\360Safe\safemon\SafeWrapper.dll
0x00007ff82d2d0000 - 0x00007ff82d367000 	D:\360jisu\360Safe\safemon\libzdtp64.dll
0x00007ff841170000 - 0x00007ff8418b3000 	C:\WINDOWS\System32\SHELL32.dll
0x00007ff840ff0000 - 0x00007ff841045000 	C:\WINDOWS\System32\SHLWAPI.dll
0x00007ff807860000 - 0x00007ff8078fb000 	D:\javaweb\jdk11.0.13\bin\msvcp140.dll
0x00007fffdb110000 - 0x00007fffdbc23000 	D:\javaweb\jdk11.0.13\bin\server\jvm.dll
0x00007ff841db0000 - 0x00007ff841db8000 	C:\WINDOWS\System32\PSAPI.DLL
0x00007ff83eb30000 - 0x00007ff83eb57000 	C:\WINDOWS\SYSTEM32\WINMM.dll
0x00007ff82d790000 - 0x00007ff82d799000 	C:\WINDOWS\SYSTEM32\WSOCK32.dll
0x00007ff842a80000 - 0x00007ff842aeb000 	C:\WINDOWS\System32\WS2_32.dll
0x00007ff83ed90000 - 0x00007ff83eda2000 	C:\WINDOWS\SYSTEM32\kernel.appcore.dll
0x00007ff8201f0000 - 0x00007ff820200000 	D:\javaweb\jdk11.0.13\bin\verify.dll
0x00007ff83e940000 - 0x00007ff83eb24000 	C:\WINDOWS\SYSTEM32\DBGHELP.DLL
0x00007ff83e910000 - 0x00007ff83e93c000 	C:\WINDOWS\SYSTEM32\dbgcore.DLL
0x00007ff840690000 - 0x00007ff840712000 	C:\WINDOWS\System32\bcryptPrimitives.dll
0x00007ff80ee90000 - 0x00007ff80eeb8000 	D:\javaweb\jdk11.0.13\bin\java.dll
0x00007ff81e8b0000 - 0x00007ff81e8ba000 	D:\javaweb\jdk11.0.13\bin\jimage.dll
0x00007ff83d8d0000 - 0x00007ff83d8de000 	D:\javaweb\jdk11.0.13\bin\instrument.dll
0x00007ff818700000 - 0x00007ff818716000 	D:\javaweb\jdk11.0.13\bin\zip.dll

dbghelp: loaded successfully - version: 4.0.5 - missing functions: none
symbol engine: initialized successfully - sym options: 0x614 - pdb path: .;D:\javaweb\jdk11.0.13\bin;C:\WINDOWS\SYSTEM32;C:\WINDOWS\WinSxS\amd64_microsoft.windows.common-controls_6595b64144ccf1df_6.0.19041.1110_none_60b5254171f9507e;D:\360jisu\360Safe\safemon;D:\javaweb\jdk11.0.13\bin\server

VM Arguments:
jvm_args: -Dmaven.multiModuleProjectDirectory=C:\Users\Aron\Desktop\loveTravel\love-to-travel\love-to-travel-cloud\travelservice -DarchetypeCatalog=internal -Dmaven.home=D:\javaweb\apache-maven-3.6.3 -Dclassworlds.conf=D:\javaweb\apache-maven-3.6.3\bin\m2.conf -Dmaven.ext.class.path=D:\idea2020\IntelliJ IDEA 2020.1\plugins\maven\lib\maven-event-listener.jar -javaagent:D:\idea2020\IntelliJ IDEA 2020.1\lib\idea_rt.jar=9024:D:\idea2020\IntelliJ IDEA 2020.1\bin -Dfile.encoding=UTF-8 
java_command: org.codehaus.classworlds.Launcher -Didea.version2020.1 -s D:\javaweb\apache-maven-3.6.3\conf\settings.xml -Dmaven.repo.local=D:\javaweb\apache-maven-3.6.3\maven-repo install
java_class_path (initial): D:\javaweb\apache-maven-3.6.3\boot\plexus-classworlds-2.6.0.jar;D:\javaweb\apache-maven-3.6.3\boot\plexus-classworlds.license
Launcher Type: SUN_STANDARD

[Global flags]
     intx CICompilerCount                          = 12                                        {product} {ergonomic}
     uint ConcGCThreads                            = 3                                         {product} {ergonomic}
     uint G1ConcRefinementThreads                  = 13                                        {product} {ergonomic}
   size_t G1HeapRegionSize                         = 1048576                                   {product} {ergonomic}
    uintx GCDrainStackTargetSize                   = 64                                        {product} {ergonomic}
   size_t InitialHeapSize                          = 260046848                                 {product} {ergonomic}
   size_t MarkStackSize                            = 4194304                                   {product} {ergonomic}
   size_t MaxHeapSize                              = 4139778048                                {product} {ergonomic}
   size_t MinHeapDeltaBytes                        = 1048576                                   {product} {ergonomic}
    uintx NonNMethodCodeHeapSize                   = 7594288                                {pd product} {ergonomic}
    uintx NonProfiledCodeHeapSize                  = 122031976                              {pd product} {ergonomic}
    uintx ProfiledCodeHeapSize                     = 122031976                              {pd product} {ergonomic}
    uintx ReservedCodeCacheSize                    = 251658240                              {pd product} {ergonomic}
     bool SegmentedCodeCache                       = true                                      {product} {ergonomic}
     bool UseCompressedClassPointers               = true                                 {lp64_product} {ergonomic}
     bool UseCompressedOops                        = true                                 {lp64_product} {ergonomic}
     bool UseG1GC                                  = true                                      {product} {ergonomic}
     bool UseLargePagesIndividualAllocation        = false                                  {pd product} {ergonomic}

Logging:
Log output configuration:
 #0: stdout all=warning uptime,level,tags
 #1: stderr all=off uptime,level,tags

Environment Variables:
JAVA_HOME=D:\javaweb\jdk11.0.13
CLASSPATH=D:\Lingo\Lingo18.jar
PATH=C:\ProgramData\Oracle\Java\javapath;C:\Program Files (x86)\Razer Chroma SDK\bin;C:\Program Files\Razer Chroma SDK\bin;C:\Program Files (x86)\Razer\ChromaBroadcast\bin;C:\Program Files\Razer\ChromaBroadcast\bin;D:\VMware\bin\;D:\javaweb\jdk11.0.13\bin;C:\Program Files\Microsoft MPI\Bin\;C:\Program Files\Common Files\Oracle\Java\javapath;C:\Windows\system32;C:\Windows;C:\Windows\System32\Wbem;C:\Windows\System32\WindowsPowerShell\v1.0\;C:\Windows\System32\OpenSSH\;C:\Program Files (x86)\NVIDIA Corporation\PhysX\Common;C:\Program Files\NVIDIA Corporation\NVIDIA NvDLISR;C:\WINDOWS\system32;C:\WINDOWS;C:\WINDOWS\System32\Wbem;C:\WINDOWS\System32\WindowsPowerShell\v1.0\;C:\WINDOWS\System32\OpenSSH\;D:\javaweb\apache-maven-3.6.3\bin;D:\javaweb\apache-tomcat-8.5.72\bin;C:\Program Files\Microsoft SQL Server\Client SDK\ODBC\170\Tools\Binn\;C:\Program Files (x86)\Microsoft SQL Server\150\Tools\Binn\;C:\Program Files\Microsoft SQL Server\150\Tools\Binn\;C:\Program Files\Microsoft SQL Server\150\DTS\Binn\;C:\Program Files\dotnet\;D:\xshellxftp\xftp\;D:\xshellxftp\xshell\;D:\Lingo\;D:\Mysql5.7\mysql-5.7.19\bin;D:\javaweb\apache-tomcat-8.5.72\bin;D:\javaweb\apache-tomcat-8.5.79\bin;D:\Node\;C:\Program Files\Pandoc\;D:\Git\Git\cmd;C:\Users\Aron\AppData\Local\Programs\Python\Python38\Scripts\;C:\Users\Aron\AppData\Local\Programs\Python\Python38\;C:\Users\Aron\AppData\Local\Microsoft\WindowsApps;D:\Microsoft VS Code\bin;C:\Program Files\Bandizip\;D:\idea2020\IntelliJ IDEA 2020.1\bin;D:\Pycharm\PyCharm 2020.1\bin;D:\WebStrom\WebStorm 2020.1\bin;D:\PhpStorm\PhpStorm 2020.1\bin;D:\Fillder\Fiddler;C:\Users\Aron\AppData\Roaming\npm;D:\javaweb\mogodb\bin;D:\wechatTools\微信web开发者工具\dll;D:\golangweb\go1.19.2\bin;D:\RationalRose\Common;D:\matlab2022b\runtime\win64;D:\matlab2022b\bin;C:\Users\Aron\AppData\Local\Programs\Python\Python38\Scripts\;C:\Users\Aron\AppData\Local\Programs\Python\Python38\;C:\Users\Aron\AppData\Local\Microsoft\WindowsApps;D:\Microsoft VS Code\bin;C:\Program Fil
USERNAME=Aron
OS=Windows_NT
PROCESSOR_IDENTIFIER=AMD64 Family 23 Model 96 Stepping 1, AuthenticAMD



---------------  S Y S T E M  ---------------

OS: Windows 10 , 64 bit Build 19041 (10.0.19041.2251)
Hyper-V role detected

CPU:total 16 (initial active 16) (16 cores per cpu, 2 threads per core) family 23 model 96 stepping 1 microcode 0x0, cmov, cx8, fxsr, mmx, sse, sse2, sse3, ssse3, sse4.1, sse4.2, popcnt, avx, avx2, aes, clmul, mmxext, 3dnowpref, lzcnt, sse4a, ht, tsc, tscinvbit, tscinv, bmi1, bmi2, adx, 

Memory: 4k page, system-wide physical 15789M (954M free)
TotalPageFile size 34572M (AvailPageFile size 177M)
current process WorkingSet (physical memory assigned to process): 11M, peak: 11M
current process commit charge ("private bytes"): 71M, peak: 319M

vm_info: Java HotSpot(TM) 64-Bit Server VM (11.0.13+10-LTS-370) for windows-amd64 JRE (11.0.13+10-LTS-370), built on Sep 15 2021 22:10:36 by "mach5one" with MS VC++ 15.9 (VS2017)

END.
