#
# There is insufficient memory for the Java Runtime Environment to continue.
# Native memory allocation (malloc) failed to allocate 773936 bytes for Chunk::new
# Possible reasons:
#   The system is out of physical RAM or swap space
#   The process is running with CompressedOops enabled, and the Java Heap may be blocking the growth of the native heap
# Possible solutions:
#   Reduce memory load on the system
#   Increase physical memory or swap space
#   Check if swap backing store is full
#   Decrease Java heap size (-Xmx/-Xms)
#   Decrease number of Java threads
#   Decrease Java thread stack sizes (-Xss)
#   Set larger code cache with -XX:ReservedCodeCacheSize=
#   JVM is running with Zero Based Compressed Oops mode in which the Java heap is
#     placed in the first 32GB address space. The Java Heap base address is the
#     maximum limit for the native heap growth. Please use -XX:HeapBaseMinAddress
#     to set the Java Heap base and to place the Java Heap above 32GB virtual address.
# This output file may be truncated or incomplete.
#
#  Out of Memory Error (./open/src/hotspot/share/memory/arena.cpp:197), pid=51232, tid=32596
#
# JRE version: Java(TM) SE Runtime Environment 18.9 (11.0.13+10) (build 11.0.13+10-LTS-370)
# Java VM: Java HotSpot(TM) 64-Bit Server VM 18.9 (11.0.13+10-LTS-370, mixed mode, tiered, compressed oops, g1 gc, windows-amd64)
# No core dump will be written. Minidumps are not enabled by default on client versions of Windows
#

---------------  S U M M A R Y ------------

Command Line: -Dmaven.multiModuleProjectDirectory=C:\Users\Aron\Desktop\loveTravel\love-to-travel\love-to-travel-cloud\travelservice -DarchetypeCatalog=internal -Dmaven.home=D:\javaweb\apache-maven-3.6.3 -Dclassworlds.conf=D:\javaweb\apache-maven-3.6.3\bin\m2.conf -Dmaven.ext.class.path=D:\idea2020\IntelliJ IDEA 2020.1\plugins\maven\lib\maven-event-listener.jar -javaagent:D:\idea2020\IntelliJ IDEA 2020.1\lib\idea_rt.jar=9113:D:\idea2020\IntelliJ IDEA 2020.1\bin -Dfile.encoding=UTF-8 org.codehaus.classworlds.Launcher -Didea.version2020.1 -s D:\javaweb\apache-maven-3.6.3\conf\settings.xml -Dmaven.repo.local=D:\javaweb\apache-maven-3.6.3\maven-repo install

Host: AMD Ryzen 7 4800HS with Radeon Graphics         , 16 cores, 15G,  Windows 10 , 64 bit Build 19041 (10.0.19041.2251)
Time: Sat Dec 10 11:36:08 2022 中国标准时间 elapsed time: 1.397653 seconds (0d 0h 0m 1s)

---------------  T H R E A D  ---------------

Current thread (0x000001e7b709a000):  JavaThread "C2 CompilerThread3" daemon [_thread_in_native, id=32596, stack(0x000000e23ac00000,0x000000e23ad00000)]


Current CompileTask:
C2:   1397 1244       4       org.codehaus.plexus.util.xml.XmlReader::read (11 bytes)

Stack: [0x000000e23ac00000,0x000000e23ad00000]
Native frames: (J=compiled Java code, j=interpreted, Vv=VM code, C=native code)
V  [jvm.dll+0x62870a]
V  [jvm.dll+0x761f2f]
V  [jvm.dll+0x7635d9]
V  [jvm.dll+0x763c63]
V  [jvm.dll+0x23d728]
V  [jvm.dll+0xb293c]
V  [jvm.dll+0xb2efc]
V  [jvm.dll+0x3408b7]
V  [jvm.dll+0x18c9e1]
V  [jvm.dll+0x1f8362]
V  [jvm.dll+0x1f743d]
V  [jvm.dll+0x177991]
V  [jvm.dll+0x206d84]
V  [jvm.dll+0x204ebb]
V  [jvm.dll+0x727e70]
V  [jvm.dll+0x720a54]
V  [jvm.dll+0x627606]
C  [ucrtbase.dll+0x21bb2]
C  [KERNEL32.DLL+0x174b4]
C  [ntdll.dll+0x526a1]


---------------  P R O C E S S  ---------------

Threads class SMR info:
_java_thread_list=0x000001e7b8094da0, length=18, elements={
0x000001e790db3800, 0x000001e7b6c28800, 0x000001e7b6c2b000, 0x000001e7b6c99000,
0x000001e7b6c9b000, 0x000001e7b6c9c000, 0x000001e7b6ca1000, 0x000001e7b6ca5800,
0x000001e7b6ca6800, 0x000001e7b6e17000, 0x000001e7b6e1f000, 0x000001e7b70f1000,
0x000001e7b6e21000, 0x000001e7b6e23800, 0x000001e7b7a59000, 0x000001e7b7c6d800,
0x000001e7b709a000, 0x000001e7b72a5000
}

Java Threads: ( => current thread )
  0x000001e790db3800 JavaThread "main" [_thread_in_vm, id=51664, stack(0x000000e239100000,0x000000e239200000)]
  0x000001e7b6c28800 JavaThread "Reference Handler" daemon [_thread_blocked, id=51020, stack(0x000000e239800000,0x000000e239900000)]
  0x000001e7b6c2b000 JavaThread "Finalizer" daemon [_thread_blocked, id=15516, stack(0x000000e239900000,0x000000e239a00000)]
  0x000001e7b6c99000 JavaThread "Signal Dispatcher" daemon [_thread_blocked, id=53816, stack(0x000000e239a00000,0x000000e239b00000)]
  0x000001e7b6c9b000 JavaThread "Attach Listener" daemon [_thread_blocked, id=16344, stack(0x000000e239b00000,0x000000e239c00000)]
  0x000001e7b6c9c000 JavaThread "Service Thread" daemon [_thread_blocked, id=13232, stack(0x000000e239c00000,0x000000e239d00000)]
  0x000001e7b6ca1000 JavaThread "C2 CompilerThread0" daemon [_thread_blocked, id=49876, stack(0x000000e239d00000,0x000000e239e00000)]
  0x000001e7b6ca5800 JavaThread "C1 CompilerThread0" daemon [_thread_blocked, id=49940, stack(0x000000e239e00000,0x000000e239f00000)]
  0x000001e7b6ca6800 JavaThread "Sweeper thread" daemon [_thread_blocked, id=53104, stack(0x000000e239f00000,0x000000e23a000000)]
  0x000001e7b6e17000 JavaThread "Common-Cleaner" daemon [_thread_blocked, id=39268, stack(0x000000e23a000000,0x000000e23a100000)]
  0x000001e7b6e1f000 JavaThread "C1 CompilerThread1" daemon [_thread_blocked, id=31152, stack(0x000000e23a100000,0x000000e23a200000)]
  0x000001e7b70f1000 JavaThread "Monitor Ctrl-Break" daemon [_thread_in_native, id=45548, stack(0x000000e23a600000,0x000000e23a700000)]
  0x000001e7b6e21000 JavaThread "C1 CompilerThread2" daemon [_thread_blocked, id=46644, stack(0x000000e23a200000,0x000000e23a300000)]
  0x000001e7b6e23800 JavaThread "C2 CompilerThread1" daemon [_thread_blocked, id=53496, stack(0x000000e23a300000,0x000000e23a400000)]
  0x000001e7b7a59000 JavaThread "C1 CompilerThread3" daemon [_thread_blocked, id=48132, stack(0x000000e23a400000,0x000000e23a500000)]
  0x000001e7b7c6d800 JavaThread "C2 CompilerThread2" daemon [_thread_in_native, id=28776, stack(0x000000e23a500000,0x000000e23a600000)]
=>0x000001e7b709a000 JavaThread "C2 CompilerThread3" daemon [_thread_in_native, id=32596, stack(0x000000e23ac00000,0x000000e23ad00000)]
  0x000001e7b72a5000 JavaThread "C2 CompilerThread4" daemon [_thread_blocked, id=16364, stack(0x000000e23ad00000,0x000000e23ae00000)]

Other Threads:
  0x000001e7b6c02000 VMThread "VM Thread" [stack: 0x000000e239700000,0x000000e239800000] [id=39404]
  0x000001e7b70f2000 WatcherThread [stack: 0x000000e23a700000,0x000000e23a800000] [id=43888]
  0x000001e790dcc000 GCTaskThread "GC Thread#0" [stack: 0x000000e239200000,0x000000e239300000] [id=39548]
  0x000001e7b7c78800 GCTaskThread "GC Thread#1" [stack: 0x000000e23a800000,0x000000e23a900000] [id=52212]
  0x000001e7b7c79800 GCTaskThread "GC Thread#2" [stack: 0x000000e23a900000,0x000000e23aa00000] [id=824]
  0x000001e7b7da6000 GCTaskThread "GC Thread#3" [stack: 0x000000e23aa00000,0x000000e23ab00000] [id=42492]
  0x000001e7b7da7000 GCTaskThread "GC Thread#4" [stack: 0x000000e23ab00000,0x000000e23ac00000] [id=51840]
  0x000001e790e28000 ConcurrentGCThread "G1 Main Marker" [stack: 0x000000e239300000,0x000000e239400000] [id=49848]
  0x000001e790e29800 ConcurrentGCThread "G1 Conc#0" [stack: 0x000000e239400000,0x000000e239500000] [id=53168]
  0x000001e790e6e800 ConcurrentGCThread "G1 Refine#0" [stack: 0x000000e239500000,0x000000e239600000] [id=52164]
  0x000001e7b58cc800 ConcurrentGCThread "G1 Young RemSet Sampling" [stack: 0x000000e239600000,0x000000e239700000] [id=52736]

Threads with active compile tasks:
C2 CompilerThread2   1441 1416       4       java.lang.ClassLoader::checkName (37 bytes)
C2 CompilerThread3   1441 1244       4       org.codehaus.plexus.util.xml.XmlReader::read (11 bytes)

VM state:not at safepoint (normal execution)

VM Mutex/Monitor currently owned by a thread: None

Heap address: 0x0000000709400000, size: 3948 MB, Compressed Oops mode: Zero based, Oop shift amount: 3
Narrow klass base: 0x0000000800000000, Narrow klass shift: 0
Compressed class space size: 1073741824 Address: 0x0000000800000000

Heap:
 garbage-first heap   total 253952K, used 13182K [0x0000000709400000, 0x0000000800000000)
  region size 1024K, 13 young (13312K), 3 survivors (3072K)
 Metaspace       used 14008K, capacity 14243K, committed 14336K, reserved 1062912K
  class space    used 1423K, capacity 1497K, committed 1536K, reserved 1048576K
Heap Regions: E=young(eden), S=young(survivor), O=old, HS=humongous(starts), HC=humongous(continues), CS=collection set, F=free, A=archive, TAMS=top-at-mark-start (previous, next)
|   0|0x0000000709400000, 0x00000007094dfa00, 0x0000000709500000| 87%| O|  |TAMS 0x0000000709400000, 0x0000000709400000| Untracked 
|   1|0x0000000709500000, 0x0000000709500000, 0x0000000709600000|  0%| F|  |TAMS 0x0000000709500000, 0x0000000709500000| Untracked 
|   2|0x0000000709600000, 0x0000000709600000, 0x0000000709700000|  0%| F|  |TAMS 0x0000000709600000, 0x0000000709600000| Untracked 
|   3|0x0000000709700000, 0x0000000709700000, 0x0000000709800000|  0%| F|  |TAMS 0x0000000709700000, 0x0000000709700000| Untracked 
|   4|0x0000000709800000, 0x0000000709800000, 0x0000000709900000|  0%| F|  |TAMS 0x0000000709800000, 0x0000000709800000| Untracked 
|   5|0x0000000709900000, 0x0000000709900000, 0x0000000709a00000|  0%| F|  |TAMS 0x0000000709900000, 0x0000000709900000| Untracked 
|   6|0x0000000709a00000, 0x0000000709a00000, 0x0000000709b00000|  0%| F|  |TAMS 0x0000000709a00000, 0x0000000709a00000| Untracked 
|   7|0x0000000709b00000, 0x0000000709b00000, 0x0000000709c00000|  0%| F|  |TAMS 0x0000000709b00000, 0x0000000709b00000| Untracked 
|   8|0x0000000709c00000, 0x0000000709c00000, 0x0000000709d00000|  0%| F|  |TAMS 0x0000000709c00000, 0x0000000709c00000| Untracked 
|   9|0x0000000709d00000, 0x0000000709d00000, 0x0000000709e00000|  0%| F|  |TAMS 0x0000000709d00000, 0x0000000709d00000| Untracked 
|  10|0x0000000709e00000, 0x0000000709e00000, 0x0000000709f00000|  0%| F|  |TAMS 0x0000000709e00000, 0x0000000709e00000| Untracked 
|  11|0x0000000709f00000, 0x0000000709f00000, 0x000000070a000000|  0%| F|  |TAMS 0x0000000709f00000, 0x0000000709f00000| Untracked 
|  12|0x000000070a000000, 0x000000070a000000, 0x000000070a100000|  0%| F|  |TAMS 0x000000070a000000, 0x000000070a000000| Untracked 
|  13|0x000000070a100000, 0x000000070a100000, 0x000000070a200000|  0%| F|  |TAMS 0x000000070a100000, 0x000000070a100000| Untracked 
|  14|0x000000070a200000, 0x000000070a200000, 0x000000070a300000|  0%| F|  |TAMS 0x000000070a200000, 0x000000070a200000| Untracked 
|  15|0x000000070a300000, 0x000000070a300000, 0x000000070a400000|  0%| F|  |TAMS 0x000000070a300000, 0x000000070a300000| Untracked 
|  16|0x000000070a400000, 0x000000070a400000, 0x000000070a500000|  0%| F|  |TAMS 0x000000070a400000, 0x000000070a400000| Untracked 
|  17|0x000000070a500000, 0x000000070a500000, 0x000000070a600000|  0%| F|  |TAMS 0x000000070a500000, 0x000000070a500000| Untracked 
|  18|0x000000070a600000, 0x000000070a600000, 0x000000070a700000|  0%| F|  |TAMS 0x000000070a600000, 0x000000070a600000| Untracked 
|  19|0x000000070a700000, 0x000000070a700000, 0x000000070a800000|  0%| F|  |TAMS 0x000000070a700000, 0x000000070a700000| Untracked 
|  20|0x000000070a800000, 0x000000070a800000, 0x000000070a900000|  0%| F|  |TAMS 0x000000070a800000, 0x000000070a800000| Untracked 
|  21|0x000000070a900000, 0x000000070a900000, 0x000000070aa00000|  0%| F|  |TAMS 0x000000070a900000, 0x000000070a900000| Untracked 
|  22|0x000000070aa00000, 0x000000070aa00000, 0x000000070ab00000|  0%| F|  |TAMS 0x000000070aa00000, 0x000000070aa00000| Untracked 
|  23|0x000000070ab00000, 0x000000070ab00000, 0x000000070ac00000|  0%| F|  |TAMS 0x000000070ab00000, 0x000000070ab00000| Untracked 
|  24|0x000000070ac00000, 0x000000070ac00000, 0x000000070ad00000|  0%| F|  |TAMS 0x000000070ac00000, 0x000000070ac00000| Untracked 
|  25|0x000000070ad00000, 0x000000070ad00000, 0x000000070ae00000|  0%| F|  |TAMS 0x000000070ad00000, 0x000000070ad00000| Untracked 
|  26|0x000000070ae00000, 0x000000070ae00000, 0x000000070af00000|  0%| F|  |TAMS 0x000000070ae00000, 0x000000070ae00000| Untracked 
|  27|0x000000070af00000, 0x000000070af00000, 0x000000070b000000|  0%| F|  |TAMS 0x000000070af00000, 0x000000070af00000| Untracked 
|  28|0x000000070b000000, 0x000000070b000000, 0x000000070b100000|  0%| F|  |TAMS 0x000000070b000000, 0x000000070b000000| Untracked 
|  29|0x000000070b100000, 0x000000070b100000, 0x000000070b200000|  0%| F|  |TAMS 0x000000070b100000, 0x000000070b100000| Untracked 
|  30|0x000000070b200000, 0x000000070b200000, 0x000000070b300000|  0%| F|  |TAMS 0x000000070b200000, 0x000000070b200000| Untracked 
|  31|0x000000070b300000, 0x000000070b300000, 0x000000070b400000|  0%| F|  |TAMS 0x000000070b300000, 0x000000070b300000| Untracked 
|  32|0x000000070b400000, 0x000000070b400000, 0x000000070b500000|  0%| F|  |TAMS 0x000000070b400000, 0x000000070b400000| Untracked 
|  33|0x000000070b500000, 0x000000070b500000, 0x000000070b600000|  0%| F|  |TAMS 0x000000070b500000, 0x000000070b500000| Untracked 
|  34|0x000000070b600000, 0x000000070b600000, 0x000000070b700000|  0%| F|  |TAMS 0x000000070b600000, 0x000000070b600000| Untracked 
|  35|0x000000070b700000, 0x000000070b700000, 0x000000070b800000|  0%| F|  |TAMS 0x000000070b700000, 0x000000070b700000| Untracked 
|  36|0x000000070b800000, 0x000000070b800000, 0x000000070b900000|  0%| F|  |TAMS 0x000000070b800000, 0x000000070b800000| Untracked 
|  37|0x000000070b900000, 0x000000070b900000, 0x000000070ba00000|  0%| F|  |TAMS 0x000000070b900000, 0x000000070b900000| Untracked 
|  38|0x000000070ba00000, 0x000000070ba00000, 0x000000070bb00000|  0%| F|  |TAMS 0x000000070ba00000, 0x000000070ba00000| Untracked 
|  39|0x000000070bb00000, 0x000000070bb00000, 0x000000070bc00000|  0%| F|  |TAMS 0x000000070bb00000, 0x000000070bb00000| Untracked 
|  40|0x000000070bc00000, 0x000000070bc00000, 0x000000070bd00000|  0%| F|  |TAMS 0x000000070bc00000, 0x000000070bc00000| Untracked 
|  41|0x000000070bd00000, 0x000000070bd00000, 0x000000070be00000|  0%| F|  |TAMS 0x000000070bd00000, 0x000000070bd00000| Untracked 
|  42|0x000000070be00000, 0x000000070be00000, 0x000000070bf00000|  0%| F|  |TAMS 0x000000070be00000, 0x000000070be00000| Untracked 
|  43|0x000000070bf00000, 0x000000070bf00000, 0x000000070c000000|  0%| F|  |TAMS 0x000000070bf00000, 0x000000070bf00000| Untracked 
|  44|0x000000070c000000, 0x000000070c000000, 0x000000070c100000|  0%| F|  |TAMS 0x000000070c000000, 0x000000070c000000| Untracked 
|  45|0x000000070c100000, 0x000000070c100000, 0x000000070c200000|  0%| F|  |TAMS 0x000000070c100000, 0x000000070c100000| Untracked 
|  46|0x000000070c200000, 0x000000070c200000, 0x000000070c300000|  0%| F|  |TAMS 0x000000070c200000, 0x000000070c200000| Untracked 
|  47|0x000000070c300000, 0x000000070c300000, 0x000000070c400000|  0%| F|  |TAMS 0x000000070c300000, 0x000000070c300000| Untracked 
|  48|0x000000070c400000, 0x000000070c400000, 0x000000070c500000|  0%| F|  |TAMS 0x000000070c400000, 0x000000070c400000| Untracked 
|  49|0x000000070c500000, 0x000000070c500000, 0x000000070c600000|  0%| F|  |TAMS 0x000000070c500000, 0x000000070c500000| Untracked 
|  50|0x000000070c600000, 0x000000070c600000, 0x000000070c700000|  0%| F|  |TAMS 0x000000070c600000, 0x000000070c600000| Untracked 
|  51|0x000000070c700000, 0x000000070c700000, 0x000000070c800000|  0%| F|  |TAMS 0x000000070c700000, 0x000000070c700000| Untracked 
|  52|0x000000070c800000, 0x000000070c800000, 0x000000070c900000|  0%| F|  |TAMS 0x000000070c800000, 0x000000070c800000| Untracked 
|  53|0x000000070c900000, 0x000000070c900000, 0x000000070ca00000|  0%| F|  |TAMS 0x000000070c900000, 0x000000070c900000| Untracked 
|  54|0x000000070ca00000, 0x000000070ca00000, 0x000000070cb00000|  0%| F|  |TAMS 0x000000070ca00000, 0x000000070ca00000| Untracked 
|  55|0x000000070cb00000, 0x000000070cb00000, 0x000000070cc00000|  0%| F|  |TAMS 0x000000070cb00000, 0x000000070cb00000| Untracked 
|  56|0x000000070cc00000, 0x000000070cc00000, 0x000000070cd00000|  0%| F|  |TAMS 0x000000070cc00000, 0x000000070cc00000| Untracked 
|  57|0x000000070cd00000, 0x000000070cd00000, 0x000000070ce00000|  0%| F|  |TAMS 0x000000070cd00000, 0x000000070cd00000| Untracked 
|  58|0x000000070ce00000, 0x000000070ce00000, 0x000000070cf00000|  0%| F|  |TAMS 0x000000070ce00000, 0x000000070ce00000| Untracked 
|  59|0x000000070cf00000, 0x000000070cf00000, 0x000000070d000000|  0%| F|  |TAMS 0x000000070cf00000, 0x000000070cf00000| Untracked 
|  60|0x000000070d000000, 0x000000070d000000, 0x000000070d100000|  0%| F|  |TAMS 0x000000070d000000, 0x000000070d000000| Untracked 
|  61|0x000000070d100000, 0x000000070d100000, 0x000000070d200000|  0%| F|  |TAMS 0x000000070d100000, 0x000000070d100000| Untracked 
|  62|0x000000070d200000, 0x000000070d200000, 0x000000070d300000|  0%| F|  |TAMS 0x000000070d200000, 0x000000070d200000| Untracked 
|  63|0x000000070d300000, 0x000000070d300000, 0x000000070d400000|  0%| F|  |TAMS 0x000000070d300000, 0x000000070d300000| Untracked 
|  64|0x000000070d400000, 0x000000070d400000, 0x000000070d500000|  0%| F|  |TAMS 0x000000070d400000, 0x000000070d400000| Untracked 
|  65|0x000000070d500000, 0x000000070d500000, 0x000000070d600000|  0%| F|  |TAMS 0x000000070d500000, 0x000000070d500000| Untracked 
|  66|0x000000070d600000, 0x000000070d600000, 0x000000070d700000|  0%| F|  |TAMS 0x000000070d600000, 0x000000070d600000| Untracked 
|  67|0x000000070d700000, 0x000000070d700000, 0x000000070d800000|  0%| F|  |TAMS 0x000000070d700000, 0x000000070d700000| Untracked 
|  68|0x000000070d800000, 0x000000070d800000, 0x000000070d900000|  0%| F|  |TAMS 0x000000070d800000, 0x000000070d800000| Untracked 
|  69|0x000000070d900000, 0x000000070d900000, 0x000000070da00000|  0%| F|  |TAMS 0x000000070d900000, 0x000000070d900000| Untracked 
|  70|0x000000070da00000, 0x000000070da00000, 0x000000070db00000|  0%| F|  |TAMS 0x000000070da00000, 0x000000070da00000| Untracked 
|  71|0x000000070db00000, 0x000000070db00000, 0x000000070dc00000|  0%| F|  |TAMS 0x000000070db00000, 0x000000070db00000| Untracked 
|  72|0x000000070dc00000, 0x000000070dc00000, 0x000000070dd00000|  0%| F|  |TAMS 0x000000070dc00000, 0x000000070dc00000| Untracked 
|  73|0x000000070dd00000, 0x000000070dd00000, 0x000000070de00000|  0%| F|  |TAMS 0x000000070dd00000, 0x000000070dd00000| Untracked 
|  74|0x000000070de00000, 0x000000070de00000, 0x000000070df00000|  0%| F|  |TAMS 0x000000070de00000, 0x000000070de00000| Untracked 
|  75|0x000000070df00000, 0x000000070df00000, 0x000000070e000000|  0%| F|  |TAMS 0x000000070df00000, 0x000000070df00000| Untracked 
|  76|0x000000070e000000, 0x000000070e000000, 0x000000070e100000|  0%| F|  |TAMS 0x000000070e000000, 0x000000070e000000| Untracked 
|  77|0x000000070e100000, 0x000000070e100000, 0x000000070e200000|  0%| F|  |TAMS 0x000000070e100000, 0x000000070e100000| Untracked 
|  78|0x000000070e200000, 0x000000070e200000, 0x000000070e300000|  0%| F|  |TAMS 0x000000070e200000, 0x000000070e200000| Untracked 
|  79|0x000000070e300000, 0x000000070e300000, 0x000000070e400000|  0%| F|  |TAMS 0x000000070e300000, 0x000000070e300000| Untracked 
|  80|0x000000070e400000, 0x000000070e400000, 0x000000070e500000|  0%| F|  |TAMS 0x000000070e400000, 0x000000070e400000| Untracked 
|  81|0x000000070e500000, 0x000000070e500000, 0x000000070e600000|  0%| F|  |TAMS 0x000000070e500000, 0x000000070e500000| Untracked 
|  82|0x000000070e600000, 0x000000070e600000, 0x000000070e700000|  0%| F|  |TAMS 0x000000070e600000, 0x000000070e600000| Untracked 
|  83|0x000000070e700000, 0x000000070e700000, 0x000000070e800000|  0%| F|  |TAMS 0x000000070e700000, 0x000000070e700000| Untracked 
|  84|0x000000070e800000, 0x000000070e800000, 0x000000070e900000|  0%| F|  |TAMS 0x000000070e800000, 0x000000070e800000| Untracked 
|  85|0x000000070e900000, 0x000000070e900000, 0x000000070ea00000|  0%| F|  |TAMS 0x000000070e900000, 0x000000070e900000| Untracked 
|  86|0x000000070ea00000, 0x000000070ea00000, 0x000000070eb00000|  0%| F|  |TAMS 0x000000070ea00000, 0x000000070ea00000| Untracked 
|  87|0x000000070eb00000, 0x000000070eb00000, 0x000000070ec00000|  0%| F|  |TAMS 0x000000070eb00000, 0x000000070eb00000| Untracked 
|  88|0x000000070ec00000, 0x000000070ec00000, 0x000000070ed00000|  0%| F|  |TAMS 0x000000070ec00000, 0x000000070ec00000| Untracked 
|  89|0x000000070ed00000, 0x000000070ed00000, 0x000000070ee00000|  0%| F|  |TAMS 0x000000070ed00000, 0x000000070ed00000| Untracked 
|  90|0x000000070ee00000, 0x000000070ee00000, 0x000000070ef00000|  0%| F|  |TAMS 0x000000070ee00000, 0x000000070ee00000| Untracked 
|  91|0x000000070ef00000, 0x000000070ef00000, 0x000000070f000000|  0%| F|  |TAMS 0x000000070ef00000, 0x000000070ef00000| Untracked 
|  92|0x000000070f000000, 0x000000070f000000, 0x000000070f100000|  0%| F|  |TAMS 0x000000070f000000, 0x000000070f000000| Untracked 
|  93|0x000000070f100000, 0x000000070f100000, 0x000000070f200000|  0%| F|  |TAMS 0x000000070f100000, 0x000000070f100000| Untracked 
|  94|0x000000070f200000, 0x000000070f200000, 0x000000070f300000|  0%| F|  |TAMS 0x000000070f200000, 0x000000070f200000| Untracked 
|  95|0x000000070f300000, 0x000000070f300000, 0x000000070f400000|  0%| F|  |TAMS 0x000000070f300000, 0x000000070f300000| Untracked 
|  96|0x000000070f400000, 0x000000070f400000, 0x000000070f500000|  0%| F|  |TAMS 0x000000070f400000, 0x000000070f400000| Untracked 
|  97|0x000000070f500000, 0x000000070f500000, 0x000000070f600000|  0%| F|  |TAMS 0x000000070f500000, 0x000000070f500000| Untracked 
|  98|0x000000070f600000, 0x000000070f600000, 0x000000070f700000|  0%| F|  |TAMS 0x000000070f600000, 0x000000070f600000| Untracked 
|  99|0x000000070f700000, 0x000000070f700000, 0x000000070f800000|  0%| F|  |TAMS 0x000000070f700000, 0x000000070f700000| Untracked 
| 100|0x000000070f800000, 0x000000070f800000, 0x000000070f900000|  0%| F|  |TAMS 0x000000070f800000, 0x000000070f800000| Untracked 
| 101|0x000000070f900000, 0x000000070f900000, 0x000000070fa00000|  0%| F|  |TAMS 0x000000070f900000, 0x000000070f900000| Untracked 
| 102|0x000000070fa00000, 0x000000070fa00000, 0x000000070fb00000|  0%| F|  |TAMS 0x000000070fa00000, 0x000000070fa00000| Untracked 
| 103|0x000000070fb00000, 0x000000070fb00000, 0x000000070fc00000|  0%| F|  |TAMS 0x000000070fb00000, 0x000000070fb00000| Untracked 
| 104|0x000000070fc00000, 0x000000070fc00000, 0x000000070fd00000|  0%| F|  |TAMS 0x000000070fc00000, 0x000000070fc00000| Untracked 
| 105|0x000000070fd00000, 0x000000070fd00000, 0x000000070fe00000|  0%| F|  |TAMS 0x000000070fd00000, 0x000000070fd00000| Untracked 
| 106|0x000000070fe00000, 0x000000070fe00000, 0x000000070ff00000|  0%| F|  |TAMS 0x000000070fe00000, 0x000000070fe00000| Untracked 
| 107|0x000000070ff00000, 0x000000070ff00000, 0x0000000710000000|  0%| F|  |TAMS 0x000000070ff00000, 0x000000070ff00000| Untracked 
| 108|0x0000000710000000, 0x0000000710000000, 0x0000000710100000|  0%| F|  |TAMS 0x0000000710000000, 0x0000000710000000| Untracked 
| 109|0x0000000710100000, 0x0000000710100000, 0x0000000710200000|  0%| F|  |TAMS 0x0000000710100000, 0x0000000710100000| Untracked 
| 110|0x0000000710200000, 0x0000000710200000, 0x0000000710300000|  0%| F|  |TAMS 0x0000000710200000, 0x0000000710200000| Untracked 
| 111|0x0000000710300000, 0x0000000710300000, 0x0000000710400000|  0%| F|  |TAMS 0x0000000710300000, 0x0000000710300000| Untracked 
| 112|0x0000000710400000, 0x0000000710400000, 0x0000000710500000|  0%| F|  |TAMS 0x0000000710400000, 0x0000000710400000| Untracked 
| 113|0x0000000710500000, 0x0000000710500000, 0x0000000710600000|  0%| F|  |TAMS 0x0000000710500000, 0x0000000710500000| Untracked 
| 114|0x0000000710600000, 0x0000000710600000, 0x0000000710700000|  0%| F|  |TAMS 0x0000000710600000, 0x0000000710600000| Untracked 
| 115|0x0000000710700000, 0x0000000710700000, 0x0000000710800000|  0%| F|  |TAMS 0x0000000710700000, 0x0000000710700000| Untracked 
| 116|0x0000000710800000, 0x0000000710800000, 0x0000000710900000|  0%| F|  |TAMS 0x0000000710800000, 0x0000000710800000| Untracked 
| 117|0x0000000710900000, 0x0000000710900000, 0x0000000710a00000|  0%| F|  |TAMS 0x0000000710900000, 0x0000000710900000| Untracked 
| 118|0x0000000710a00000, 0x0000000710a00000, 0x0000000710b00000|  0%| F|  |TAMS 0x0000000710a00000, 0x0000000710a00000| Untracked 
| 119|0x0000000710b00000, 0x0000000710b00000, 0x0000000710c00000|  0%| F|  |TAMS 0x0000000710b00000, 0x0000000710b00000| Untracked 
| 120|0x0000000710c00000, 0x0000000710c00000, 0x0000000710d00000|  0%| F|  |TAMS 0x0000000710c00000, 0x0000000710c00000| Untracked 
| 121|0x0000000710d00000, 0x0000000710d00000, 0x0000000710e00000|  0%| F|  |TAMS 0x0000000710d00000, 0x0000000710d00000| Untracked 
| 122|0x0000000710e00000, 0x0000000710e00000, 0x0000000710f00000|  0%| F|  |TAMS 0x0000000710e00000, 0x0000000710e00000| Untracked 
| 123|0x0000000710f00000, 0x0000000710f00000, 0x0000000711000000|  0%| F|  |TAMS 0x0000000710f00000, 0x0000000710f00000| Untracked 
| 124|0x0000000711000000, 0x0000000711000000, 0x0000000711100000|  0%| F|  |TAMS 0x0000000711000000, 0x0000000711000000| Untracked 
| 125|0x0000000711100000, 0x0000000711100000, 0x0000000711200000|  0%| F|  |TAMS 0x0000000711100000, 0x0000000711100000| Untracked 
| 126|0x0000000711200000, 0x0000000711200000, 0x0000000711300000|  0%| F|  |TAMS 0x0000000711200000, 0x0000000711200000| Untracked 
| 127|0x0000000711300000, 0x0000000711300000, 0x0000000711400000|  0%| F|  |TAMS 0x0000000711300000, 0x0000000711300000| Untracked 
| 128|0x0000000711400000, 0x0000000711400000, 0x0000000711500000|  0%| F|  |TAMS 0x0000000711400000, 0x0000000711400000| Untracked 
| 129|0x0000000711500000, 0x0000000711500000, 0x0000000711600000|  0%| F|  |TAMS 0x0000000711500000, 0x0000000711500000| Untracked 
| 130|0x0000000711600000, 0x0000000711600000, 0x0000000711700000|  0%| F|  |TAMS 0x0000000711600000, 0x0000000711600000| Untracked 
| 131|0x0000000711700000, 0x0000000711700000, 0x0000000711800000|  0%| F|  |TAMS 0x0000000711700000, 0x0000000711700000| Untracked 
| 132|0x0000000711800000, 0x0000000711800000, 0x0000000711900000|  0%| F|  |TAMS 0x0000000711800000, 0x0000000711800000| Untracked 
| 133|0x0000000711900000, 0x0000000711900000, 0x0000000711a00000|  0%| F|  |TAMS 0x0000000711900000, 0x0000000711900000| Untracked 
| 134|0x0000000711a00000, 0x0000000711a00000, 0x0000000711b00000|  0%| F|  |TAMS 0x0000000711a00000, 0x0000000711a00000| Untracked 
| 135|0x0000000711b00000, 0x0000000711b00000, 0x0000000711c00000|  0%| F|  |TAMS 0x0000000711b00000, 0x0000000711b00000| Untracked 
| 136|0x0000000711c00000, 0x0000000711c00000, 0x0000000711d00000|  0%| F|  |TAMS 0x0000000711c00000, 0x0000000711c00000| Untracked 
| 137|0x0000000711d00000, 0x0000000711d00000, 0x0000000711e00000|  0%| F|  |TAMS 0x0000000711d00000, 0x0000000711d00000| Untracked 
| 138|0x0000000711e00000, 0x0000000711e00000, 0x0000000711f00000|  0%| F|  |TAMS 0x0000000711e00000, 0x0000000711e00000| Untracked 
| 139|0x0000000711f00000, 0x0000000711f00000, 0x0000000712000000|  0%| F|  |TAMS 0x0000000711f00000, 0x0000000711f00000| Untracked 
| 140|0x0000000712000000, 0x0000000712000000, 0x0000000712100000|  0%| F|  |TAMS 0x0000000712000000, 0x0000000712000000| Untracked 
| 141|0x0000000712100000, 0x0000000712100000, 0x0000000712200000|  0%| F|  |TAMS 0x0000000712100000, 0x0000000712100000| Untracked 
| 142|0x0000000712200000, 0x0000000712200000, 0x0000000712300000|  0%| F|  |TAMS 0x0000000712200000, 0x0000000712200000| Untracked 
| 143|0x0000000712300000, 0x0000000712300000, 0x0000000712400000|  0%| F|  |TAMS 0x0000000712300000, 0x0000000712300000| Untracked 
| 144|0x0000000712400000, 0x0000000712400000, 0x0000000712500000|  0%| F|  |TAMS 0x0000000712400000, 0x0000000712400000| Untracked 
| 145|0x0000000712500000, 0x0000000712500000, 0x0000000712600000|  0%| F|  |TAMS 0x0000000712500000, 0x0000000712500000| Untracked 
| 146|0x0000000712600000, 0x0000000712600000, 0x0000000712700000|  0%| F|  |TAMS 0x0000000712600000, 0x0000000712600000| Untracked 
| 147|0x0000000712700000, 0x0000000712700000, 0x0000000712800000|  0%| F|  |TAMS 0x0000000712700000, 0x0000000712700000| Untracked 
| 148|0x0000000712800000, 0x0000000712800000, 0x0000000712900000|  0%| F|  |TAMS 0x0000000712800000, 0x0000000712800000| Untracked 
| 149|0x0000000712900000, 0x0000000712900000, 0x0000000712a00000|  0%| F|  |TAMS 0x0000000712900000, 0x0000000712900000| Untracked 
| 150|0x0000000712a00000, 0x0000000712a00000, 0x0000000712b00000|  0%| F|  |TAMS 0x0000000712a00000, 0x0000000712a00000| Untracked 
| 151|0x0000000712b00000, 0x0000000712b00000, 0x0000000712c00000|  0%| F|  |TAMS 0x0000000712b00000, 0x0000000712b00000| Untracked 
| 152|0x0000000712c00000, 0x0000000712c00000, 0x0000000712d00000|  0%| F|  |TAMS 0x0000000712c00000, 0x0000000712c00000| Untracked 
| 153|0x0000000712d00000, 0x0000000712d00000, 0x0000000712e00000|  0%| F|  |TAMS 0x0000000712d00000, 0x0000000712d00000| Untracked 
| 154|0x0000000712e00000, 0x0000000712e00000, 0x0000000712f00000|  0%| F|  |TAMS 0x0000000712e00000, 0x0000000712e00000| Untracked 
| 155|0x0000000712f00000, 0x0000000712f00000, 0x0000000713000000|  0%| F|  |TAMS 0x0000000712f00000, 0x0000000712f00000| Untracked 
| 156|0x0000000713000000, 0x0000000713000000, 0x0000000713100000|  0%| F|  |TAMS 0x0000000713000000, 0x0000000713000000| Untracked 
| 157|0x0000000713100000, 0x0000000713100000, 0x0000000713200000|  0%| F|  |TAMS 0x0000000713100000, 0x0000000713100000| Untracked 
| 158|0x0000000713200000, 0x0000000713200000, 0x0000000713300000|  0%| F|  |TAMS 0x0000000713200000, 0x0000000713200000| Untracked 
| 159|0x0000000713300000, 0x0000000713300000, 0x0000000713400000|  0%| F|  |TAMS 0x0000000713300000, 0x0000000713300000| Untracked 
| 160|0x0000000713400000, 0x0000000713400000, 0x0000000713500000|  0%| F|  |TAMS 0x0000000713400000, 0x0000000713400000| Untracked 
| 161|0x0000000713500000, 0x0000000713500000, 0x0000000713600000|  0%| F|  |TAMS 0x0000000713500000, 0x0000000713500000| Untracked 
| 162|0x0000000713600000, 0x0000000713600000, 0x0000000713700000|  0%| F|  |TAMS 0x0000000713600000, 0x0000000713600000| Untracked 
| 163|0x0000000713700000, 0x0000000713700000, 0x0000000713800000|  0%| F|  |TAMS 0x0000000713700000, 0x0000000713700000| Untracked 
| 164|0x0000000713800000, 0x0000000713800000, 0x0000000713900000|  0%| F|  |TAMS 0x0000000713800000, 0x0000000713800000| Untracked 
| 165|0x0000000713900000, 0x0000000713900000, 0x0000000713a00000|  0%| F|  |TAMS 0x0000000713900000, 0x0000000713900000| Untracked 
| 166|0x0000000713a00000, 0x0000000713a00000, 0x0000000713b00000|  0%| F|  |TAMS 0x0000000713a00000, 0x0000000713a00000| Untracked 
| 167|0x0000000713b00000, 0x0000000713b00000, 0x0000000713c00000|  0%| F|  |TAMS 0x0000000713b00000, 0x0000000713b00000| Untracked 
| 168|0x0000000713c00000, 0x0000000713c00000, 0x0000000713d00000|  0%| F|  |TAMS 0x0000000713c00000, 0x0000000713c00000| Untracked 
| 169|0x0000000713d00000, 0x0000000713d00000, 0x0000000713e00000|  0%| F|  |TAMS 0x0000000713d00000, 0x0000000713d00000| Untracked 
| 170|0x0000000713e00000, 0x0000000713e00000, 0x0000000713f00000|  0%| F|  |TAMS 0x0000000713e00000, 0x0000000713e00000| Untracked 
| 171|0x0000000713f00000, 0x0000000713f00000, 0x0000000714000000|  0%| F|  |TAMS 0x0000000713f00000, 0x0000000713f00000| Untracked 
| 172|0x0000000714000000, 0x0000000714000000, 0x0000000714100000|  0%| F|  |TAMS 0x0000000714000000, 0x0000000714000000| Untracked 
| 173|0x0000000714100000, 0x0000000714100000, 0x0000000714200000|  0%| F|  |TAMS 0x0000000714100000, 0x0000000714100000| Untracked 
| 174|0x0000000714200000, 0x0000000714200000, 0x0000000714300000|  0%| F|  |TAMS 0x0000000714200000, 0x0000000714200000| Untracked 
| 175|0x0000000714300000, 0x0000000714300000, 0x0000000714400000|  0%| F|  |TAMS 0x0000000714300000, 0x0000000714300000| Untracked 
| 176|0x0000000714400000, 0x0000000714400000, 0x0000000714500000|  0%| F|  |TAMS 0x0000000714400000, 0x0000000714400000| Untracked 
| 177|0x0000000714500000, 0x0000000714500000, 0x0000000714600000|  0%| F|  |TAMS 0x0000000714500000, 0x0000000714500000| Untracked 
| 178|0x0000000714600000, 0x0000000714600000, 0x0000000714700000|  0%| F|  |TAMS 0x0000000714600000, 0x0000000714600000| Untracked 
| 179|0x0000000714700000, 0x0000000714700000, 0x0000000714800000|  0%| F|  |TAMS 0x0000000714700000, 0x0000000714700000| Untracked 
| 180|0x0000000714800000, 0x0000000714800000, 0x0000000714900000|  0%| F|  |TAMS 0x0000000714800000, 0x0000000714800000| Untracked 
| 181|0x0000000714900000, 0x0000000714900000, 0x0000000714a00000|  0%| F|  |TAMS 0x0000000714900000, 0x0000000714900000| Untracked 
| 182|0x0000000714a00000, 0x0000000714a00000, 0x0000000714b00000|  0%| F|  |TAMS 0x0000000714a00000, 0x0000000714a00000| Untracked 
| 183|0x0000000714b00000, 0x0000000714b00000, 0x0000000714c00000|  0%| F|  |TAMS 0x0000000714b00000, 0x0000000714b00000| Untracked 
| 184|0x0000000714c00000, 0x0000000714c00000, 0x0000000714d00000|  0%| F|  |TAMS 0x0000000714c00000, 0x0000000714c00000| Untracked 
| 185|0x0000000714d00000, 0x0000000714d00000, 0x0000000714e00000|  0%| F|  |TAMS 0x0000000714d00000, 0x0000000714d00000| Untracked 
| 186|0x0000000714e00000, 0x0000000714e00000, 0x0000000714f00000|  0%| F|  |TAMS 0x0000000714e00000, 0x0000000714e00000| Untracked 
| 187|0x0000000714f00000, 0x0000000714f00000, 0x0000000715000000|  0%| F|  |TAMS 0x0000000714f00000, 0x0000000714f00000| Untracked 
| 188|0x0000000715000000, 0x0000000715000000, 0x0000000715100000|  0%| F|  |TAMS 0x0000000715000000, 0x0000000715000000| Untracked 
| 189|0x0000000715100000, 0x0000000715100000, 0x0000000715200000|  0%| F|  |TAMS 0x0000000715100000, 0x0000000715100000| Untracked 
| 190|0x0000000715200000, 0x0000000715200000, 0x0000000715300000|  0%| F|  |TAMS 0x0000000715200000, 0x0000000715200000| Untracked 
| 191|0x0000000715300000, 0x0000000715300000, 0x0000000715400000|  0%| F|  |TAMS 0x0000000715300000, 0x0000000715300000| Untracked 
| 192|0x0000000715400000, 0x0000000715400000, 0x0000000715500000|  0%| F|  |TAMS 0x0000000715400000, 0x0000000715400000| Untracked 
| 193|0x0000000715500000, 0x0000000715500000, 0x0000000715600000|  0%| F|  |TAMS 0x0000000715500000, 0x0000000715500000| Untracked 
| 194|0x0000000715600000, 0x0000000715600000, 0x0000000715700000|  0%| F|  |TAMS 0x0000000715600000, 0x0000000715600000| Untracked 
| 195|0x0000000715700000, 0x0000000715700000, 0x0000000715800000|  0%| F|  |TAMS 0x0000000715700000, 0x0000000715700000| Untracked 
| 196|0x0000000715800000, 0x0000000715800000, 0x0000000715900000|  0%| F|  |TAMS 0x0000000715800000, 0x0000000715800000| Untracked 
| 197|0x0000000715900000, 0x0000000715900000, 0x0000000715a00000|  0%| F|  |TAMS 0x0000000715900000, 0x0000000715900000| Untracked 
| 198|0x0000000715a00000, 0x0000000715a00000, 0x0000000715b00000|  0%| F|  |TAMS 0x0000000715a00000, 0x0000000715a00000| Untracked 
| 199|0x0000000715b00000, 0x0000000715b00000, 0x0000000715c00000|  0%| F|  |TAMS 0x0000000715b00000, 0x0000000715b00000| Untracked 
| 200|0x0000000715c00000, 0x0000000715c00000, 0x0000000715d00000|  0%| F|  |TAMS 0x0000000715c00000, 0x0000000715c00000| Untracked 
| 201|0x0000000715d00000, 0x0000000715d00000, 0x0000000715e00000|  0%| F|  |TAMS 0x0000000715d00000, 0x0000000715d00000| Untracked 
| 202|0x0000000715e00000, 0x0000000715e00000, 0x0000000715f00000|  0%| F|  |TAMS 0x0000000715e00000, 0x0000000715e00000| Untracked 
| 203|0x0000000715f00000, 0x0000000715f00000, 0x0000000716000000|  0%| F|  |TAMS 0x0000000715f00000, 0x0000000715f00000| Untracked 
| 204|0x0000000716000000, 0x0000000716000000, 0x0000000716100000|  0%| F|  |TAMS 0x0000000716000000, 0x0000000716000000| Untracked 
| 205|0x0000000716100000, 0x0000000716100000, 0x0000000716200000|  0%| F|  |TAMS 0x0000000716100000, 0x0000000716100000| Untracked 
| 206|0x0000000716200000, 0x0000000716200000, 0x0000000716300000|  0%| F|  |TAMS 0x0000000716200000, 0x0000000716200000| Untracked 
| 207|0x0000000716300000, 0x0000000716300000, 0x0000000716400000|  0%| F|  |TAMS 0x0000000716300000, 0x0000000716300000| Untracked 
| 208|0x0000000716400000, 0x0000000716400000, 0x0000000716500000|  0%| F|  |TAMS 0x0000000716400000, 0x0000000716400000| Untracked 
| 209|0x0000000716500000, 0x0000000716500000, 0x0000000716600000|  0%| F|  |TAMS 0x0000000716500000, 0x0000000716500000| Untracked 
| 210|0x0000000716600000, 0x0000000716600000, 0x0000000716700000|  0%| F|  |TAMS 0x0000000716600000, 0x0000000716600000| Untracked 
| 211|0x0000000716700000, 0x0000000716700000, 0x0000000716800000|  0%| F|  |TAMS 0x0000000716700000, 0x0000000716700000| Untracked 
| 212|0x0000000716800000, 0x0000000716800000, 0x0000000716900000|  0%| F|  |TAMS 0x0000000716800000, 0x0000000716800000| Untracked 
| 213|0x0000000716900000, 0x0000000716900000, 0x0000000716a00000|  0%| F|  |TAMS 0x0000000716900000, 0x0000000716900000| Untracked 
| 214|0x0000000716a00000, 0x0000000716a00000, 0x0000000716b00000|  0%| F|  |TAMS 0x0000000716a00000, 0x0000000716a00000| Untracked 
| 215|0x0000000716b00000, 0x0000000716b00000, 0x0000000716c00000|  0%| F|  |TAMS 0x0000000716b00000, 0x0000000716b00000| Untracked 
| 216|0x0000000716c00000, 0x0000000716c00000, 0x0000000716d00000|  0%| F|  |TAMS 0x0000000716c00000, 0x0000000716c00000| Untracked 
| 217|0x0000000716d00000, 0x0000000716d00000, 0x0000000716e00000|  0%| F|  |TAMS 0x0000000716d00000, 0x0000000716d00000| Untracked 
| 218|0x0000000716e00000, 0x0000000716e00000, 0x0000000716f00000|  0%| F|  |TAMS 0x0000000716e00000, 0x0000000716e00000| Untracked 
| 219|0x0000000716f00000, 0x0000000716f00000, 0x0000000717000000|  0%| F|  |TAMS 0x0000000716f00000, 0x0000000716f00000| Untracked 
| 220|0x0000000717000000, 0x0000000717000000, 0x0000000717100000|  0%| F|  |TAMS 0x0000000717000000, 0x0000000717000000| Untracked 
| 221|0x0000000717100000, 0x0000000717200000, 0x0000000717200000|100%| S|CS|TAMS 0x0000000717100000, 0x0000000717100000| Complete 
| 222|0x0000000717200000, 0x0000000717300000, 0x0000000717300000|100%| S|CS|TAMS 0x0000000717200000, 0x0000000717200000| Complete 
| 223|0x0000000717300000, 0x0000000717400000, 0x0000000717400000|100%| S|CS|TAMS 0x0000000717300000, 0x0000000717300000| Complete 
| 224|0x0000000717400000, 0x0000000717400000, 0x0000000717500000|  0%| F|  |TAMS 0x0000000717400000, 0x0000000717400000| Untracked 
| 225|0x0000000717500000, 0x0000000717500000, 0x0000000717600000|  0%| F|  |TAMS 0x0000000717500000, 0x0000000717500000| Untracked 
| 226|0x0000000717600000, 0x0000000717600000, 0x0000000717700000|  0%| F|  |TAMS 0x0000000717600000, 0x0000000717600000| Untracked 
| 227|0x0000000717700000, 0x0000000717700000, 0x0000000717800000|  0%| F|  |TAMS 0x0000000717700000, 0x0000000717700000| Untracked 
| 228|0x0000000717800000, 0x0000000717800000, 0x0000000717900000|  0%| F|  |TAMS 0x0000000717800000, 0x0000000717800000| Untracked 
| 229|0x0000000717900000, 0x0000000717900000, 0x0000000717a00000|  0%| F|  |TAMS 0x0000000717900000, 0x0000000717900000| Untracked 
| 230|0x0000000717a00000, 0x0000000717a00000, 0x0000000717b00000|  0%| F|  |TAMS 0x0000000717a00000, 0x0000000717a00000| Untracked 
| 231|0x0000000717b00000, 0x0000000717b00000, 0x0000000717c00000|  0%| F|  |TAMS 0x0000000717b00000, 0x0000000717b00000| Untracked 
| 232|0x0000000717c00000, 0x0000000717c00000, 0x0000000717d00000|  0%| F|  |TAMS 0x0000000717c00000, 0x0000000717c00000| Untracked 
| 233|0x0000000717d00000, 0x0000000717d00000, 0x0000000717e00000|  0%| F|  |TAMS 0x0000000717d00000, 0x0000000717d00000| Untracked 
| 234|0x0000000717e00000, 0x0000000717e00000, 0x0000000717f00000|  0%| F|  |TAMS 0x0000000717e00000, 0x0000000717e00000| Untracked 
| 235|0x0000000717f00000, 0x0000000717f00000, 0x0000000718000000|  0%| F|  |TAMS 0x0000000717f00000, 0x0000000717f00000| Untracked 
| 236|0x0000000718000000, 0x0000000718000000, 0x0000000718100000|  0%| F|  |TAMS 0x0000000718000000, 0x0000000718000000| Untracked 
| 237|0x0000000718100000, 0x0000000718180800, 0x0000000718200000| 50%| E|  |TAMS 0x0000000718100000, 0x0000000718100000| Complete 
| 238|0x0000000718200000, 0x0000000718300000, 0x0000000718300000|100%| E|CS|TAMS 0x0000000718200000, 0x0000000718200000| Complete 
| 239|0x0000000718300000, 0x0000000718400000, 0x0000000718400000|100%| E|CS|TAMS 0x0000000718300000, 0x0000000718300000| Complete 
| 240|0x0000000718400000, 0x0000000718500000, 0x0000000718500000|100%| E|CS|TAMS 0x0000000718400000, 0x0000000718400000| Complete 
| 241|0x0000000718500000, 0x0000000718600000, 0x0000000718600000|100%| E|CS|TAMS 0x0000000718500000, 0x0000000718500000| Complete 
| 242|0x0000000718600000, 0x0000000718700000, 0x0000000718700000|100%| E|CS|TAMS 0x0000000718600000, 0x0000000718600000| Complete 
| 243|0x0000000718700000, 0x0000000718800000, 0x0000000718800000|100%| E|CS|TAMS 0x0000000718700000, 0x0000000718700000| Complete 
| 244|0x0000000718800000, 0x0000000718900000, 0x0000000718900000|100%| E|CS|TAMS 0x0000000718800000, 0x0000000718800000| Complete 
| 245|0x0000000718900000, 0x0000000718a00000, 0x0000000718a00000|100%| E|CS|TAMS 0x0000000718900000, 0x0000000718900000| Complete 
| 246|0x0000000718a00000, 0x0000000718b00000, 0x0000000718b00000|100%| E|CS|TAMS 0x0000000718a00000, 0x0000000718a00000| Complete 
| 247|0x0000000718b00000, 0x0000000718c00000, 0x0000000718c00000|100%| E|CS|TAMS 0x0000000718b00000, 0x0000000718b00000| Complete 

Card table byte_map: [0x000001e7aa730000,0x000001e7aaef0000] _byte_map_base: 0x000001e7a6ee6000

Marking Bits (Prev, Next): (CMBitMap*) 0x000001e790e16c78, (CMBitMap*) 0x000001e790e16cb0
 Prev Bits: [0x000001e7ab6b0000, 0x000001e7af460000)
 Next Bits: [0x000001e7af460000, 0x000001e7b3210000)

Polling page: 0x000001e790d50000

Metaspace:

Usage:
  Non-class:     12.51 MB capacity,    12.36 MB ( 99%) used,   139.42 KB (  1%) free+waste,    15.38 KB ( <1%) overhead. 
      Class:      1.49 MB capacity,     1.39 MB ( 93%) used,    94.10 KB (  6%) free+waste,     6.81 KB ( <1%) overhead. 
       Both:     14.00 MB capacity,    13.75 MB ( 98%) used,   233.52 KB (  2%) free+waste,    22.19 KB ( <1%) overhead. 

Virtual space:
  Non-class space:       14.00 MB reserved,      12.75 MB ( 91%) committed 
      Class space:        1.00 GB reserved,       1.50 MB ( <1%) committed 
             Both:        1.01 GB reserved,      14.25 MB (  1%) committed 

Chunk freelists:
   Non-Class:  6.75 KB
       Class:  896 bytes
        Both:  7.63 KB

CodeHeap 'non-profiled nmethods': size=119168Kb used=498Kb max_used=498Kb free=118669Kb
 bounds [0x000001e7a1b50000, 0x000001e7a1dc0000, 0x000001e7a8fb0000]
CodeHeap 'profiled nmethods': size=119168Kb used=2909Kb max_used=2909Kb free=116258Kb
 bounds [0x000001e79a6f0000, 0x000001e79a9d0000, 0x000001e7a1b50000]
CodeHeap 'non-nmethods': size=7424Kb used=2786Kb max_used=2824Kb free=4637Kb
 bounds [0x000001e799fb0000, 0x000001e79a300000, 0x000001e79a6f0000]
 total_blobs=1828 nmethods=1422 adapters=315
 compilation: enabled
              stopped_count=0, restarted_count=0
 full_count=0

Compilation events (10 events):
Event: 1.394 Thread 0x000001e7b7a59000 1316       3       java.lang.reflect.Executable::isSynthetic (8 bytes)
Event: 1.394 Thread 0x000001e7b6e21000 nmethod 1314 0x000001e79a98ec10 code [0x000001e79a98edc0, 0x000001e79a98efa8]
Event: 1.394 Thread 0x000001e7b7a59000 nmethod 1316 0x000001e79a98f090 code [0x000001e79a98f240, 0x000001e79a98f4c8]
Event: 1.394 Thread 0x000001e7b6e21000 1317       3       java.lang.reflect.Modifier::isSynthetic (14 bytes)
Event: 1.394 Thread 0x000001e7b7a59000 1319       3       java.lang.reflect.Method::isBridge (16 bytes)
Event: 1.394 Thread 0x000001e7b6e1f000 nmethod 1315 0x000001e79a98f590 code [0x000001e79a98f740, 0x000001e79a98f978]
Event: 1.394 Thread 0x000001e7b6e1f000 1318       1       com.google.inject.TypeLiteral::hashCode (5 bytes)
Event: 1.394 Thread 0x000001e7b6e1f000 nmethod 1318 0x000001e7a1bbe590 code [0x000001e7a1bbe720, 0x000001e7a1bbe7d8]
Event: 1.394 Thread 0x000001e7b7a59000 nmethod 1319 0x000001e79a98fa90 code [0x000001e79a98fc20, 0x000001e79a98fd98]
Event: 1.394 Thread 0x000001e7b7a59000 1320   !   3       java.lang.reflect.Field::declaredAnnotations (82 bytes)

GC Heap History (2 events):
Event: 1.317 GC heap before
{Heap before GC invocations=0 (full 0):
 garbage-first heap   total 253952K, used 23552K [0x0000000709400000, 0x0000000800000000)
  region size 1024K, 24 young (24576K), 0 survivors (0K)
 Metaspace       used 13448K, capacity 13721K, committed 14080K, reserved 1062912K
  class space    used 1342K, capacity 1431K, committed 1536K, reserved 1048576K
}
Event: 1.322 GC heap after
{Heap after GC invocations=1 (full 0):
 garbage-first heap   total 253952K, used 3966K [0x0000000709400000, 0x0000000800000000)
  region size 1024K, 3 young (3072K), 3 survivors (3072K)
 Metaspace       used 13448K, capacity 13721K, committed 14080K, reserved 1062912K
  class space    used 1342K, capacity 1431K, committed 1536K, reserved 1048576K
}

Deoptimization events (10 events):
Event: 1.237 Thread 0x000001e790db3800 Uncommon trap: reason=class_check action=maybe_recompile pc=0x000001e7a1b7fa50 method=java.util.HashMap.putVal(ILjava/lang/Object;Ljava/lang/Object;ZZ)Ljava/lang/Object; @ 91 c2
Event: 1.239 Thread 0x000001e790db3800 Uncommon trap: reason=class_check action=maybe_recompile pc=0x000001e7a1b7fa50 method=java.util.HashMap.putVal(ILjava/lang/Object;Ljava/lang/Object;ZZ)Ljava/lang/Object; @ 91 c2
Event: 1.246 Thread 0x000001e790db3800 Uncommon trap: reason=class_check action=maybe_recompile pc=0x000001e7a1b7fa50 method=java.util.HashMap.putVal(ILjava/lang/Object;Ljava/lang/Object;ZZ)Ljava/lang/Object; @ 91 c2
Event: 1.246 Thread 0x000001e790db3800 Uncommon trap: reason=class_check action=maybe_recompile pc=0x000001e7a1b7fa50 method=java.util.HashMap.putVal(ILjava/lang/Object;Ljava/lang/Object;ZZ)Ljava/lang/Object; @ 91 c2
Event: 1.301 Thread 0x000001e790db3800 Uncommon trap: reason=unstable_if action=reinterpret pc=0x000001e7a1b848ac method=org.codehaus.plexus.util.xml.pull.MXParser.more()C @ 8 c2
Event: 1.379 Thread 0x000001e790db3800 Uncommon trap: reason=unstable_if action=reinterpret pc=0x000001e7a1bac68c method=sun.nio.cs.StreamDecoder.implRead([CII)I @ 197 c2
Event: 1.381 Thread 0x000001e790db3800 Uncommon trap: reason=unstable_if action=reinterpret pc=0x000001e7a1bb75b0 method=org.codehaus.plexus.util.xml.pull.MXParser.nextImpl()I @ 241 c2
Event: 1.382 Thread 0x000001e790db3800 Uncommon trap: reason=unstable_if action=reinterpret pc=0x000001e7a1bb2f6c method=sun.nio.cs.StreamDecoder.implRead([CII)I @ 71 c2
Event: 1.382 Thread 0x000001e790db3800 Uncommon trap: reason=unstable_if action=reinterpret pc=0x000001e7a1bb8610 method=sun.nio.cs.StreamDecoder.read0()I @ 39 c2
Event: 1.382 Thread 0x000001e790db3800 Uncommon trap: reason=unstable_if action=reinterpret pc=0x000001e7a1ba9350 method=sun.nio.cs.StreamDecoder.implRead([CII)I @ 197 c2

Classes redefined (0 events):
No events

Internal exceptions (5 events):
Event: 0.156 Thread 0x000001e790db3800 Exception <a 'java/security/PrivilegedActionException'{0x0000000718989798}> (0x0000000718989798) thrown at [./open/src/hotspot/share/prims/jvm.cpp, line 1305]
Event: 0.156 Thread 0x000001e790db3800 Exception <a 'java/security/PrivilegedActionException'{0x0000000718989a68}> (0x0000000718989a68) thrown at [./open/src/hotspot/share/prims/jvm.cpp, line 1305]
Event: 0.238 Thread 0x000001e790db3800 Exception <a 'java/lang/NoSuchMethodError'{0x00000007186fa5a0}: java.lang.invoke.DirectMethodHandle$Holder.invokeSpecialIFC(Ljava/lang/Object;Ljava/lang/Object;I)I> (0x00000007186fa5a0) thrown at [./open/src/hotspot/share/interpreter/linkResolver.cpp, lin
Event: 0.291 Thread 0x000001e790db3800 Exception <a 'java/lang/NoSuchMethodError'{0x0000000718433e48}: java.lang.invoke.DirectMethodHandle$Holder.invokeStaticInit(Ljava/lang/Object;IIII)Ljava/lang/Object;> (0x0000000718433e48) thrown at [./open/src/hotspot/share/interpreter/linkResolver.cpp, l
Event: 0.951 Thread 0x000001e790db3800 Exception <a 'java/lang/NoSuchMethodError'{0x000000071830a010}: java.lang.invoke.DirectMethodHandle$Holder.invokeStaticInit(Ljava/lang/Object;Ljava/lang/Object;IIII)Ljava/lang/Object;> (0x000000071830a010) thrown at [./open/src/hotspot/share/interpreter/l

Events (10 events):
Event: 1.390 loading class com/google/inject/Key$AnnotationInstanceStrategy
Event: 1.390 loading class com/google/inject/Key$AnnotationInstanceStrategy done
Event: 1.391 loading class sun/reflect/generics/reflectiveObjects/TypeVariableImpl
Event: 1.391 loading class sun/reflect/generics/reflectiveObjects/LazyReflectiveObjectGenerator
Event: 1.391 loading class sun/reflect/generics/reflectiveObjects/LazyReflectiveObjectGenerator done
Event: 1.391 loading class sun/reflect/generics/reflectiveObjects/TypeVariableImpl done
Event: 1.391 loading class sun/reflect/generics/reflectiveObjects/ParameterizedTypeImpl
Event: 1.391 loading class sun/reflect/generics/reflectiveObjects/ParameterizedTypeImpl done
Event: 1.392 loading class com/google/inject/internal/MoreTypes$ParameterizedTypeImpl
Event: 1.392 loading class com/google/inject/internal/MoreTypes$ParameterizedTypeImpl done


Dynamic libraries:
0x00007ff60fab0000 - 0x00007ff60fabf000 	D:\javaweb\jdk11.0.13\bin\java.exe
0x00007ff842ef0000 - 0x00007ff8430e8000 	C:\WINDOWS\SYSTEM32\ntdll.dll
0x00007ff842550000 - 0x00007ff84260f000 	C:\WINDOWS\System32\KERNEL32.DLL
0x00007ff840930000 - 0x00007ff840c02000 	C:\WINDOWS\System32\KERNELBASE.dll
0x00007ff840830000 - 0x00007ff840930000 	C:\WINDOWS\System32\ucrtbase.dll
0x00007ff81feb0000 - 0x00007ff81fec8000 	D:\javaweb\jdk11.0.13\bin\jli.dll
0x00007ff81e8c0000 - 0x00007ff81e8d5000 	D:\javaweb\jdk11.0.13\bin\VCRUNTIME140.dll
0x00007ff842b70000 - 0x00007ff842c1e000 	C:\WINDOWS\System32\ADVAPI32.dll
0x00007ff842ce0000 - 0x00007ff842d7e000 	C:\WINDOWS\System32\msvcrt.dll
0x00007ff840f50000 - 0x00007ff840fec000 	C:\WINDOWS\System32\sechost.dll
0x00007ff842200000 - 0x00007ff842325000 	C:\WINDOWS\System32\RPCRT4.dll
0x00007ff841dd0000 - 0x00007ff841f6d000 	C:\WINDOWS\System32\USER32.dll
0x00007ff840720000 - 0x00007ff840742000 	C:\WINDOWS\System32\win32u.dll
0x00007ff842cb0000 - 0x00007ff842cdb000 	C:\WINDOWS\System32\GDI32.dll
0x00007ff840c10000 - 0x00007ff840d1f000 	C:\WINDOWS\System32\gdi32full.dll
0x00007ff8405f0000 - 0x00007ff84068d000 	C:\WINDOWS\System32\msvcp_win.dll
0x00007ff8300f0000 - 0x00007ff83038a000 	C:\WINDOWS\WinSxS\amd64_microsoft.windows.common-controls_6595b64144ccf1df_6.0.19041.1110_none_60b5254171f9507e\COMCTL32.dll
0x00007ff840130000 - 0x00007ff84013a000 	C:\WINDOWS\SYSTEM32\VERSION.dll
0x00007ff842330000 - 0x00007ff842362000 	C:\WINDOWS\System32\IMM32.DLL
0x000000006e4f0000 - 0x000000006e4fc000 	D:\360jisu\360Safe\safemon\SafeWrapper.dll
0x00007ff82d2d0000 - 0x00007ff82d367000 	D:\360jisu\360Safe\safemon\libzdtp64.dll
0x00007ff841170000 - 0x00007ff8418b3000 	C:\WINDOWS\System32\SHELL32.dll
0x00007ff840ff0000 - 0x00007ff841045000 	C:\WINDOWS\System32\SHLWAPI.dll
0x00007ff807860000 - 0x00007ff8078fb000 	D:\javaweb\jdk11.0.13\bin\msvcp140.dll
0x00007fffdb110000 - 0x00007fffdbc23000 	D:\javaweb\jdk11.0.13\bin\server\jvm.dll
0x00007ff841db0000 - 0x00007ff841db8000 	C:\WINDOWS\System32\PSAPI.DLL
0x00007ff82d790000 - 0x00007ff82d799000 	C:\WINDOWS\SYSTEM32\WSOCK32.dll
0x00007ff83eb30000 - 0x00007ff83eb57000 	C:\WINDOWS\SYSTEM32\WINMM.dll
0x00007ff842a80000 - 0x00007ff842aeb000 	C:\WINDOWS\System32\WS2_32.dll
0x00007ff83ed90000 - 0x00007ff83eda2000 	C:\WINDOWS\SYSTEM32\kernel.appcore.dll
0x00007ff8201f0000 - 0x00007ff820200000 	D:\javaweb\jdk11.0.13\bin\verify.dll
0x00007ff83e940000 - 0x00007ff83eb24000 	C:\WINDOWS\SYSTEM32\DBGHELP.DLL
0x00007ff83e910000 - 0x00007ff83e93c000 	C:\WINDOWS\SYSTEM32\dbgcore.DLL
0x00007ff840690000 - 0x00007ff840712000 	C:\WINDOWS\System32\bcryptPrimitives.dll
0x00007ff80ee90000 - 0x00007ff80eeb8000 	D:\javaweb\jdk11.0.13\bin\java.dll
0x00007ff81e8b0000 - 0x00007ff81e8ba000 	D:\javaweb\jdk11.0.13\bin\jimage.dll
0x00007ff83d8d0000 - 0x00007ff83d8de000 	D:\javaweb\jdk11.0.13\bin\instrument.dll
0x00007ff818700000 - 0x00007ff818716000 	D:\javaweb\jdk11.0.13\bin\zip.dll
0x00007ff83e0a0000 - 0x00007ff83e832000 	C:\WINDOWS\SYSTEM32\windows.storage.dll
0x00007ff841a50000 - 0x00007ff841da4000 	C:\WINDOWS\System32\combase.dll
0x00007ff83ff70000 - 0x00007ff83ffa0000 	C:\WINDOWS\SYSTEM32\Wldp.dll
0x00007ff8424a0000 - 0x00007ff84254d000 	C:\WINDOWS\System32\SHCORE.dll
0x00007ff840530000 - 0x00007ff84054f000 	C:\WINDOWS\SYSTEM32\profapi.dll
0x00007ff813440000 - 0x00007ff813459000 	D:\javaweb\jdk11.0.13\bin\net.dll
0x00007ff839060000 - 0x00007ff83916c000 	C:\WINDOWS\SYSTEM32\WINHTTP.dll
0x00007ff83fc10000 - 0x00007ff83fc7a000 	C:\WINDOWS\system32\mswsock.dll
0x00007ff812660000 - 0x00007ff812672000 	D:\javaweb\jdk11.0.13\bin\nio.dll
0x00007ff831e70000 - 0x00007ff831e8a000 	D:\idea2020\IntelliJ IDEA 2020.1\bin\breakgen64.dll
0x00007ff83fe40000 - 0x00007ff83fe58000 	C:\WINDOWS\SYSTEM32\CRYPTSP.dll
0x00007ff83f540000 - 0x00007ff83f574000 	C:\WINDOWS\system32\rsaenh.dll
0x00007ff840800000 - 0x00007ff840827000 	C:\WINDOWS\System32\bcrypt.dll
0x00007ff8404b0000 - 0x00007ff8404de000 	C:\WINDOWS\SYSTEM32\USERENV.dll
0x00007ff83fe30000 - 0x00007ff83fe3c000 	C:\WINDOWS\SYSTEM32\CRYPTBASE.dll
0x00007ff83f920000 - 0x00007ff83f95b000 	C:\WINDOWS\SYSTEM32\IPHLPAPI.DLL
0x00007ff841dc0000 - 0x00007ff841dc8000 	C:\WINDOWS\System32\NSI.dll
0x00007ff838400000 - 0x00007ff838417000 	C:\WINDOWS\SYSTEM32\dhcpcsvc6.DLL
0x00007ff8383e0000 - 0x00007ff8383fd000 	C:\WINDOWS\SYSTEM32\dhcpcsvc.DLL
0x00007ff83f960000 - 0x00007ff83fa2a000 	C:\WINDOWS\SYSTEM32\DNSAPI.dll
0x00007ff836360000 - 0x00007ff83636a000 	C:\Users\Aron\AppData\Local\Temp\jansi-1.17.1-2000869456358670903.dll
0x00007ff832c00000 - 0x00007ff832c0a000 	C:\Users\Aron\AppData\Local\Temp\jansi-1.17.1-3839728756172234513.dll

dbghelp: loaded successfully - version: 4.0.5 - missing functions: none
symbol engine: initialized successfully - sym options: 0x614 - pdb path: .;D:\javaweb\jdk11.0.13\bin;C:\WINDOWS\SYSTEM32;C:\WINDOWS\WinSxS\amd64_microsoft.windows.common-controls_6595b64144ccf1df_6.0.19041.1110_none_60b5254171f9507e;D:\360jisu\360Safe\safemon;D:\javaweb\jdk11.0.13\bin\server;D:\idea2020\IntelliJ IDEA 2020.1\bin;C:\Users\Aron\AppData\Local\Temp

VM Arguments:
jvm_args: -Dmaven.multiModuleProjectDirectory=C:\Users\Aron\Desktop\loveTravel\love-to-travel\love-to-travel-cloud\travelservice -DarchetypeCatalog=internal -Dmaven.home=D:\javaweb\apache-maven-3.6.3 -Dclassworlds.conf=D:\javaweb\apache-maven-3.6.3\bin\m2.conf -Dmaven.ext.class.path=D:\idea2020\IntelliJ IDEA 2020.1\plugins\maven\lib\maven-event-listener.jar -javaagent:D:\idea2020\IntelliJ IDEA 2020.1\lib\idea_rt.jar=9113:D:\idea2020\IntelliJ IDEA 2020.1\bin -Dfile.encoding=UTF-8 
java_command: org.codehaus.classworlds.Launcher -Didea.version2020.1 -s D:\javaweb\apache-maven-3.6.3\conf\settings.xml -Dmaven.repo.local=D:\javaweb\apache-maven-3.6.3\maven-repo install
java_class_path (initial): D:\javaweb\apache-maven-3.6.3\boot\plexus-classworlds-2.6.0.jar;D:\javaweb\apache-maven-3.6.3\boot\plexus-classworlds.license
Launcher Type: SUN_STANDARD

[Global flags]
     intx CICompilerCount                          = 12                                        {product} {ergonomic}
     uint ConcGCThreads                            = 3                                         {product} {ergonomic}
     uint G1ConcRefinementThreads                  = 13                                        {product} {ergonomic}
   size_t G1HeapRegionSize                         = 1048576                                   {product} {ergonomic}
    uintx GCDrainStackTargetSize                   = 64                                        {product} {ergonomic}
   size_t InitialHeapSize                          = 260046848                                 {product} {ergonomic}
   size_t MarkStackSize                            = 4194304                                   {product} {ergonomic}
   size_t MaxHeapSize                              = 4139778048                                {product} {ergonomic}
   size_t MaxNewSize                               = 2483027968                                {product} {ergonomic}
   size_t MinHeapDeltaBytes                        = 1048576                                   {product} {ergonomic}
    uintx NonNMethodCodeHeapSize                   = 7594288                                {pd product} {ergonomic}
    uintx NonProfiledCodeHeapSize                  = 122031976                              {pd product} {ergonomic}
    uintx ProfiledCodeHeapSize                     = 122031976                              {pd product} {ergonomic}
    uintx ReservedCodeCacheSize                    = 251658240                              {pd product} {ergonomic}
     bool SegmentedCodeCache                       = true                                      {product} {ergonomic}
     bool UseCompressedClassPointers               = true                                 {lp64_product} {ergonomic}
     bool UseCompressedOops                        = true                                 {lp64_product} {ergonomic}
     bool UseG1GC                                  = true                                      {product} {ergonomic}
     bool UseLargePagesIndividualAllocation        = false                                  {pd product} {ergonomic}

Logging:
Log output configuration:
 #0: stdout all=warning uptime,level,tags
 #1: stderr all=off uptime,level,tags

Environment Variables:
JAVA_HOME=D:\javaweb\jdk11.0.13
CLASSPATH=D:\Lingo\Lingo18.jar
PATH=C:\ProgramData\Oracle\Java\javapath;C:\Program Files (x86)\Razer Chroma SDK\bin;C:\Program Files\Razer Chroma SDK\bin;C:\Program Files (x86)\Razer\ChromaBroadcast\bin;C:\Program Files\Razer\ChromaBroadcast\bin;D:\VMware\bin\;D:\javaweb\jdk11.0.13\bin;C:\Program Files\Microsoft MPI\Bin\;C:\Program Files\Common Files\Oracle\Java\javapath;C:\Windows\system32;C:\Windows;C:\Windows\System32\Wbem;C:\Windows\System32\WindowsPowerShell\v1.0\;C:\Windows\System32\OpenSSH\;C:\Program Files (x86)\NVIDIA Corporation\PhysX\Common;C:\Program Files\NVIDIA Corporation\NVIDIA NvDLISR;C:\WINDOWS\system32;C:\WINDOWS;C:\WINDOWS\System32\Wbem;C:\WINDOWS\System32\WindowsPowerShell\v1.0\;C:\WINDOWS\System32\OpenSSH\;D:\javaweb\apache-maven-3.6.3\bin;D:\javaweb\apache-tomcat-8.5.72\bin;C:\Program Files\Microsoft SQL Server\Client SDK\ODBC\170\Tools\Binn\;C:\Program Files (x86)\Microsoft SQL Server\150\Tools\Binn\;C:\Program Files\Microsoft SQL Server\150\Tools\Binn\;C:\Program Files\Microsoft SQL Server\150\DTS\Binn\;C:\Program Files\dotnet\;D:\xshellxftp\xftp\;D:\xshellxftp\xshell\;D:\Lingo\;D:\Mysql5.7\mysql-5.7.19\bin;D:\javaweb\apache-tomcat-8.5.72\bin;D:\javaweb\apache-tomcat-8.5.79\bin;D:\Node\;C:\Program Files\Pandoc\;D:\Git\Git\cmd;C:\Users\Aron\AppData\Local\Programs\Python\Python38\Scripts\;C:\Users\Aron\AppData\Local\Programs\Python\Python38\;C:\Users\Aron\AppData\Local\Microsoft\WindowsApps;D:\Microsoft VS Code\bin;C:\Program Files\Bandizip\;D:\idea2020\IntelliJ IDEA 2020.1\bin;D:\Pycharm\PyCharm 2020.1\bin;D:\WebStrom\WebStorm 2020.1\bin;D:\PhpStorm\PhpStorm 2020.1\bin;D:\Fillder\Fiddler;C:\Users\Aron\AppData\Roaming\npm;D:\javaweb\mogodb\bin;D:\wechatTools\微信web开发者工具\dll;D:\golangweb\go1.19.2\bin;D:\RationalRose\Common;D:\matlab2022b\runtime\win64;D:\matlab2022b\bin;C:\Users\Aron\AppData\Local\Programs\Python\Python38\Scripts\;C:\Users\Aron\AppData\Local\Programs\Python\Python38\;C:\Users\Aron\AppData\Local\Microsoft\WindowsApps;D:\Microsoft VS Code\bin;C:\Program Fil
USERNAME=Aron
OS=Windows_NT
PROCESSOR_IDENTIFIER=AMD64 Family 23 Model 96 Stepping 1, AuthenticAMD



---------------  S Y S T E M  ---------------

OS: Windows 10 , 64 bit Build 19041 (10.0.19041.2251)
Hyper-V role detected

CPU:total 16 (initial active 16) (16 cores per cpu, 2 threads per core) family 23 model 96 stepping 1 microcode 0x0, cmov, cx8, fxsr, mmx, sse, sse2, sse3, ssse3, sse4.1, sse4.2, popcnt, avx, avx2, aes, clmul, mmxext, 3dnowpref, lzcnt, sse4a, ht, tsc, tscinvbit, tscinv, bmi1, bmi2, adx, 

Memory: 4k page, system-wide physical 15789M (1060M free)
TotalPageFile size 34572M (AvailPageFile size 8M)
current process WorkingSet (physical memory assigned to process): 105M, peak: 109M
current process commit charge ("private bytes"): 378M, peak: 383M

vm_info: Java HotSpot(TM) 64-Bit Server VM (11.0.13+10-LTS-370) for windows-amd64 JRE (11.0.13+10-LTS-370), built on Sep 15 2021 22:10:36 by "mach5one" with MS VC++ 15.9 (VS2017)

END.
